C:\USERS\HEJIABIN\DESKTOP\SIMTYPER\DEBUG\SIMTYPER.EXE
C:\USERS\HEJIABIN\DESKTOP\SIMTYPER\DEBUG\SIMTYPER.ILK
C:\USERS\HEJIABIN\DESKTOP\SIMTYPER\DEBUG\SIMTYPER.PDB
C:\Users\hejiabin\Desktop\SimTyper\SimTyper\Debug\cl.command.1.tlog
C:\Users\hejiabin\Desktop\SimTyper\SimTyper\Debug\CL.read.1.tlog
C:\Users\hejiabin\Desktop\SimTyper\SimTyper\Debug\CL.write.1.tlog
C:\Users\hejiabin\Desktop\SimTyper\SimTyper\Debug\link.command.1.tlog
C:\Users\hejiabin\Desktop\SimTyper\SimTyper\Debug\link.read.1.tlog
C:\Users\hejiabin\Desktop\SimTyper\SimTyper\Debug\link.write.1.tlog
C:\Users\hejiabin\Desktop\SimTyper\SimTyper\Debug\link-cvtres.read.1.tlog
C:\Users\hejiabin\Desktop\SimTyper\SimTyper\Debug\link-cvtres.write.1.tlog
C:\Users\hejiabin\Desktop\SimTyper\SimTyper\Debug\mt.command.1.tlog
C:\Users\hejiabin\Desktop\SimTyper\SimTyper\Debug\mt.read.1.tlog
C:\Users\hejiabin\Desktop\SimTyper\SimTyper\Debug\mt.write.1.tlog
C:\Users\hejiabin\Desktop\SimTyper\SimTyper\Debug\rc.command.1.tlog
C:\Users\hejiabin\Desktop\SimTyper\SimTyper\Debug\rc.read.1.tlog
C:\Users\hejiabin\Desktop\SimTyper\SimTyper\Debug\rc.write.1.tlog
C:\USERS\HEJIABIN\DESKTOP\SIMTYPER\SIMTYPER\DEBUG\SIMTYPER.EXE.EMBED.MANIFEST
C:\USERS\HEJIABIN\DESKTOP\SIMTYPER\SIMTYPER\DEBUG\SIMTYPER.EXE.EMBED.MANIFEST.RES
C:\USERS\HEJIABIN\DESKTOP\SIMTYPER\SIMTYPER\DEBUG\SIMTYPER.EXE.INTERMEDIATE.MANIFEST
C:\USERS\HEJIABIN\DESKTOP\SIMTYPER\SIMTYPER\DEBUG\SIMTYPER.OBJ
C:\USERS\HEJIABIN\DESKTOP\SIMTYPER\SIMTYPER\DEBUG\SIMTYPER.PCH
C:\USERS\HEJIABIN\DESKTOP\SIMTYPER\SIMTYPER\DEBUG\SIMTYPER.RES
C:\Users\hejiabin\Desktop\SimTyper\SimTyper\Debug\SimTyper_manifest.rc
C:\USERS\HEJIABIN\DESKTOP\SIMTYPER\SIMTYPER\DEBUG\SOUND.RES
C:\USERS\HEJIABIN\DESKTOP\SIMTYPER\SIMTYPER\DEBUG\STDAFX.OBJ
C:\Users\hejiabin\Desktop\SimTyper\SimTyper\Debug\vc100.idb
C:\USERS\HEJIABIN\DESKTOP\SIMTYPER\SIMTYPER\DEBUG\VC100.PDB
