C:\USERS\HEJIABIN\DESKTOP\SIMTYPER\RELEASE\SIMTYPER.EXE
C:\USERS\HEJIABIN\DESKTOP\SIMTYPER\RELEASE\SIMTYPER.PDB
C:\Users\hejiabin\Desktop\SimTyper\SimTyper\Release\cl.command.1.tlog
C:\Users\hejiabin\Desktop\SimTyper\SimTyper\Release\CL.read.1.tlog
C:\Users\hejiabin\Desktop\SimTyper\SimTyper\Release\CL.write.1.tlog
C:\Users\hejiabin\Desktop\SimTyper\SimTyper\Release\link.command.1.tlog
C:\Users\hejiabin\Desktop\SimTyper\SimTyper\Release\link.read.1.tlog
C:\Users\hejiabin\Desktop\SimTyper\SimTyper\Release\link.write.1.tlog
C:\Users\hejiabin\Desktop\SimTyper\SimTyper\Release\link-cvtres.read.1.tlog
C:\Users\hejiabin\Desktop\SimTyper\SimTyper\Release\link-cvtres.write.1.tlog
C:\Users\hejiabin\Desktop\SimTyper\SimTyper\Release\mt.command.1.tlog
C:\Users\hejiabin\Desktop\SimTyper\SimTyper\Release\mt.read.1.tlog
C:\Users\hejiabin\Desktop\SimTyper\SimTyper\Release\mt.write.1.tlog
C:\Users\hejiabin\Desktop\SimTyper\SimTyper\Release\rc.command.1.tlog
C:\Users\hejiabin\Desktop\SimTyper\SimTyper\Release\rc.read.1.tlog
C:\Users\hejiabin\Desktop\SimTyper\SimTyper\Release\rc.write.1.tlog
C:\USERS\HEJIABIN\DESKTOP\SIMTYPER\SIMTYPER\RELEASE\SIMTYPER.EXE.INTERMEDIATE.MANIFEST
C:\USERS\HEJIABIN\DESKTOP\SIMTYPER\SIMTYPER\RELEASE\SIMTYPER.OBJ
C:\USERS\HEJIABIN\DESKTOP\SIMTYPER\SIMTYPER\RELEASE\SIMTYPER.PCH
C:\USERS\HEJIABIN\DESKTOP\SIMTYPER\SIMTYPER\RELEASE\SIMTYPER.RES
C:\USERS\HEJIABIN\DESKTOP\SIMTYPER\SIMTYPER\RELEASE\SOUND.RES
C:\USERS\HEJIABIN\DESKTOP\SIMTYPER\SIMTYPER\RELEASE\STDAFX.OBJ
C:\USERS\HEJIABIN\DESKTOP\SIMTYPER\SIMTYPER\RELEASE\VC100.PDB
